 1253 739 49166 4968
 72307 39599 416

 208
 311
 517
 185
 186
 765
 5409
 185 186
 24735 2838
 56398 2838
 24735 6388
 56398 6388
 56398 6388 1
 24735 12 2838 1
 56398 12 2838 1
 692 455 48675 100 235 14 27964
 87 55038 1036 36037 33097 43670 8387 22627
 65896 25376 2083 18797 1774 227 29314 7055 21211 28183 22602 2732
 38572 210 38572 115 38572 229 84877 221 38572 225 84877 212 38572 232 38572 116 38572 241 84877 211 38572 241 38572 96 38572 115 38572 215 38572 211 38572 237 38572 215 84877 211 38572 219
 34469 236 210 414 12668 9 48675 234 115 482 223 34469 222 105 170 117 225 414 75299 1531 26289 351 71346 718 9 6974 238 215 414 14325 1531 79 15235 481 921 1205 2214 21792 9
 24735
 56398
 208 56398
 311 56398
 517 56398
 517 56398 870 56398
 414
 186 667
 7 15452
 24735 12 511 7 715 1 2497 624 568 48675 234 211 1295 29970 79212 28076 41773 34277 99 46878 1612 1643 34637 83965 43601 240
 15989 2833
 19
 2807
 36176
 57347
 2807 36176
 57347 2807
 57347 36176
 57347 57347
 57347 2807 36176
 35 13701 243 65 35416 77822 84
 2318 3804
 976 765 2680 976 185 208 1072 74561 3463 870 3487 1940 186 34469 236 210 414 12668 9 48675 234 115 482 223 34469 222 105 170 117 225 414 75299 1531 26289 351 71346 718 9 6974 238 215 48675 100 235 34469 100 235 645 7844 52640 645 36176 52640 2807 52640 36176 52640 57347 52640 2807 36176 645 14 19 645 489 19 645 992 19 10844 240 210 38572 115 38572 229 84877 221 38572 225 84877 212 38572 232 38572 116 38572 241 84877 211 38572 241 38572 96 38572 115 38572 215 34469 234 211 1295 29970 79212 28076 41773 34277 99 46878 1612 1643 34637 83965 43601 240 34160 14140 27748 25376 2083 18797 1774 227 29314 7055 21211 28183 22602 2732 1127 12081 73556 11024 11024 24097 12864 12864 22418 15989 2833 14932 4808 450 3565 1097 1127 84 1288 518 672 1065 12 1127 3432 568 4161 31 1127 45 649 4161 450 3529 1952 540 12 1127 36 568 1340 1209 20798 31 1523 7 65885 321 7 76 44
