 907 802 51074 5481
 3701 27530 293

 231
 267
 299
 208
 209
 391
 2280
 61904
 17720 2166
 27620 2166
 17720 4473
 27620 4473
 27620 4473 24
 17720 35 2166 24
 27620 35 2166 24
 534 389 5299 123 258 37 12767
 72235 2928 1158 507 72043 32710 3128 3836
 40411 12118 921 7866 24106 24892 1953 6197 13534 19610
 19523 233 104963 252 52087 244 19523 248 52087 235 19523 255 19523 139 19523 264 52087 234 19523 264 19523 119 104963 238 19523 234 19523 260 19523 238 52087 234 19523 242
 4318 259 233 365 16007 32 11892 138 102753 117264 128 26036 365 66533 2953 106742 65851 708 32 38132 238 365 5864 88269 451 773 920 1974 7023 32
 17720
 27620
 231 27620
 267 27620
 299 27620
 299 27620 359 27620
 365
 209 355
 30 16924
 17720 35 356 90701 24 2888 564 569 11892 234 2076 13217 37414 7359 21264 55110 1688 1581 45843 29066 65074 263
 22174 3551
 42
 1796
 34205
 11054
 11054 42
 126803
 11054 34205
 26747
 26747 42
 58 8805 266 88 3072 50390 107
 2446 3411
 509 1353 27857 208 15122 10405 51725 88952 209 4318 259 233 365 16007 32 11892 138 102753 117264 128 26036 365 66533 2953 106742 65851 708 32 38132 238 5299 123 258 4318 123 258 639 10177 77440 639 34205 639 11054 639 11054 42 639 126803 639 11054 34205 639 37 42 639 544 42 639 1290 42 231 19523 233 104963 252 52087 244 19523 248 52087 235 19523 255 19523 139 19523 264 52087 234 19523 264 19523 119 104963 238 45241 234 2076 13217 37414 7359 21264 55110 1688 1581 45843 29066 65074 263 69917 49570 19777 12118 921 7866 24106 24892 1953 6197 13534 19610 4055 90839 55512 1928 84187 44361 22174 3551 36170 8711 5478 1138 23492 1215 9285 1152 35 468 1026 569 3424 54 13125 611 3424 9851 1522 435 35 18756 569 1248 1191 21056 54 1534 30 22798 285 49197 67
