 518 451 363 386 363 300 295 1599
 38260

 363 363
 363 363 363
 2573
 363 115
 116
 116 116
 116 116 116
 363 115 116
 33163 998
 363 33163 998
 33163 1008
 363 33163 1008
 363 33163 1008 682
 33163 362 998 682
 363 33163 362 998 682
 363 419 379 363 346 265 272 259 364 529 4551
 1829 372 386 388 363 394 1973 17630 471 366 434 593 2772
 363 45339 315 243 7237 363 18586 363 314 251 315 244 17878 314 285 27759 32722
 363 331 264 234 331 264 288 331 264 253 331 265 245 331 264 249 331 265 236 331 264 256 331 264 289 331 264 265 331 265 235 331 264 265 331 264 268 331 264 288 331 264 239 331 264 235 331 264 261 331 264 239 331 265 235 331 264 243
 363 346 265 260 234 377 6322 381 363 346 265 258 288 332 234 247 346 265 246 277 345 290 249 377 38148 498 30570 366 468 32949 1214 381 363 332 262 239 377 8543 498 30570 385 454 530 947 15528 381
 33163
 363 33163
 363 363 33163
 363 363 363 33163
 2573 33163
 2573 33163 116 2573 33163
 363 377
 116 363 516
 363 378 918
 33163 362 448 378 2237 682 1259 405 424 363 346 265 258 235 363 420 336 242 251 336 237 285 335 262 274 32993 335 289 271 334 295 262 368 382 368 386 368 383 368 335 270 275 345 295 264
 363 23526 23526
 363 382
 363 382 382
 363 382 382 382
 363 382 382 382 382
 363 382 382 382 382 382
 363 382 382 382 382 382 382
 363 382 382 382 382 382 382 382
 363 382 382 382 382 382 382 382 382
 363 382 382 382 382 382 382 382 382 382
 501 331 293 279 414 2924 331 293 241 401
 363 22391 366
 116 363 363 116 116 363 363 116 116 116 363 363 115 363 115 115 363 115 116 363 363 363 116 2573 116 7547 116 12414 116 363 346 265 260 234 377 6322 381 363 346 265 258 288 332 234 247 346 265 246 277 345 290 249 377 38148 498 30570 366 468 32949 1214 381 363 332 262 239 363 346 265 272 259 346 265 272 259 363 382 363 382 382 363 382 382 382 363 382 382 382 382 363 382 382 382 382 382 363 382 382 382 382 382 382 363 382 382 382 382 382 382 382 363 382 382 382 382 382 382 382 382 363 382 364 382 363 382 364 364 382 363 382 719 382 363 331 264 234 331 264 288 331 264 253 331 265 245 331 264 249 331 265 236 331 264 256 331 264 289 331 264 265 331 265 235 331 264 265 331 264 268 331 264 288 331 264 239 346 265 258 235 363 420 336 242 251 336 237 285 335 262 274 32993 335 289 271 334 295 262 368 382 368 386 368 383 368 335 270 275 345 295 264 469 45329 808 808 808 808 808 808 808 363 45339 315 243 7237 363 18586 363 314 251 315 244 17878 314 285 27759 32722 17970 378 378 378 378 2017 47327 47327 413 413 413 656 25481 23526 23526 22389 22389 402 378 635 508 363 378 401 2334 456 378 366 502 362 363 378 8267 424 1384 420 363 378 734 421 1384 402 378 853 700 404 362 363 378 594 424 583 534 10383 420 591 378 16129 369 378 561 753
