 1551 582 381 582 378 83073 588 379 4413
 38368 441 66958

 582
 33
 32
 559
 560
 560 560
 560 560 560
 559 560
 33381 2711
 20652 2711
 33381 5542
 20652 5542
 20652 5542 362
 33381 373 2711 362
 20652 373 2711 362
 1004 772 14901 461 609 375 428 900
 448 377 381 385 582 384 3970 48314 17000 7405 24350
 56054 23573 2658 19569 58635 44182 5405 19629 24556 21851 3341
 35149 584 35149 476 35149 603 68853 595 35149 599 68853 586 35149 606 35149 477 35149 615 68853 585 35149 615 35149 457 35149 476 35149 589 35149 585 35149 611 35149 589 68853 585 35149 593
 11881 610 584 688 13528 370 38961 476 45433 11881 596 466 533 76100 688 87333 97354 648 86597 370 78177 688 21081 51562 817 1233 1540 2340 8285 370
 33381
 20652
 33 33381
 32 33381
 31 33381
 31 33381 560 31 33381
 688
 560 801
 368 12845
 33381 373 829 368 1076 362 2417 937 904 38961 585 908 48118 57583 19762 46295 55482 20958 378 380 378 381 378 382 378 45152 455
 55202 3461
 380
 380 380
 380 380 380
 380 380 380 380
 380 380 380 380 380
 380 380 380 380 380 380
 380 380 380 380 380 380 380
 380 380 380 380 380 380 380 380
 380 380 380 380 380 380 380 380 380
 396 11681 617 426 15719 57798 445
 1960 5400
 560 582 560 560 582 560 560 560 582 559 582 41 582 559 560 33 560 32 560 31 560 30 560 11881 610 584 688 13528 370 38961 476 45433 11881 596 466 533 76100 688 87333 97354 648 86597 370 78177 14901 461 609 11881 461 609 582 380 582 380 380 582 380 380 380 582 380 380 380 380 582 380 380 380 380 380 582 380 380 380 380 380 380 582 380 380 380 380 380 380 380 582 380 380 380 380 380 380 380 380 582 380 375 380 582 380 951 380 582 380 4087 380 62775 584 35149 476 35149 603 68853 595 35149 599 68853 586 35149 606 35149 477 35149 615 68853 585 35149 615 35149 457 35149 476 35149 589 11881 608 585 908 48118 57583 19762 46295 55482 20958 378 380 378 381 378 382 378 45152 455 31744 24486 23638 23573 2658 19569 58635 44182 5405 19629 24556 21851 3341 5740 7925 7925 77782 5232 2281 2281 52639 55202 3461 61709 6567 768 368 777 1441 741 67753 1028 368 444 1410 373 741 4582 904 3770 392 741 406 1017 3770 768 368 1373 2087 885 373 741 397 904 1664 1364 16211 392 1660 368 37494 619 368 437 405
