 35683 58360 26384 58360 65192 55949 18640
 35180 36870 22763

 58360
 64212
 59371
 10194
 38270
 18203
 19965
 31132
 27648 1086
 14633 1086
 27648 55073
 14633 55073
 14633 55073 50157
 27648 37614 1086 50157
 14633 37614 1086 50157
 22596 55391 56896 17685 29314 61178 43641
 15274 44208 26384 67799 58360 28225 3264 40539 60854 64151 8861 25842
 16489 32115 58036 67552 63195 15575 66647 46293 25629 52030 42150
 62802 39260 7787 40923 22308 67724 16162 66136 50933 66943 50933 49541 39260 14577 69388 35285 14577 66943 52176
 54803 41941 23719 40168 22191 22033 46950 20885 16201 41941 5287 23665 46713 43954 63990 19441 52971 40168 40704 62746 41941 30931 62364 51613 42402 41476 29896 57972 40168
 27648
 14633
 58360 14633
 64212 14633
 59371 14633
 59371 14633 66785 14633
 41941
 38270 59188
 67737 58360 56043
 27648 37614 67967 67737 62441 50157 7430 11949 25713 22191 29273 35273 67902 24364 37703 60578 21533 56568 21533 26384 21533 10702 21533 10843 64762
 52517 54599
 56568
 56568 56568
 56568 56568 56568
 56568 56568 56568 56568
 56568 56568 56568 56568 56568
 56568 56568 56568 56568 56568 56568
 56568 56568 56568 56568 56568 56568 56568
 56568 56568 56568 56568 56568 56568 56568 56568
 56568 56568 56568 56568 56568 56568 56568 56568 56568
 24194 122 48948 69485 66558 37873 3264
 38908 15929
 2285 16341 60076 10194 22723 18379 13893 67963 38270 54803 41941 23719 40168 22191 22033 46950 20885 16201 41941 5287 23665 46713 43954 63990 19441 52971 40168 40704 62746 56896 17685 29314 36365 58360 56568 58360 56568 56568 58360 56568 56568 56568 58360 56568 56568 56568 56568 58360 56568 56568 56568 56568 56568 58360 56568 56568 56568 56568 56568 56568 58360 56568 56568 56568 56568 56568 56568 56568 58360 56568 56568 56568 56568 56568 56568 56568 56568 58360 56568 61178 56568 58360 56568 38216 56568 58360 56568 44377 56568 58360 62802 39260 7787 40923 22308 67724 16162 66136 50933 66943 50933 49541 39260 14577 44699 35273 67902 24364 37703 60578 21533 56568 21533 26384 21533 10702 21533 10843 64762 26351 64004 63182 32115 58036 67552 63195 15575 66647 46293 25629 52030 42150 17440 39030 847 6303 62336 62336 44694 38216 52517 54599 10328 10328 10328 23312 67779 9461 68372 3264 38697 20987 1474 34423 37614 68372 13425 25713 42478 46275 68372 23306 24917 42478 23312 69469 28826 36585 37614 68372 67833 25713 53602 29125 10441 48948 46275 5208 67737 58932 51664 67737 64169 37422
