 1848 348 147 348 35593 5565
 42978 24134 439

 348
 384
 465
 325
 326
 734
 6979
 9057
 20880 2725
 40716 2725
 20880 6071
 40716 6071
 40716 6071 128
 20880 139 2725 128
 40716 139 2725 128
 735 506 30448 227 375 141 40820
 214 143 147 151 348 150 13814 36845 41222 6554 8784
 3805 25118 1289 3920 63123 3400
 12483 25084 17875 18713 27021 28588 17816 16671 97979 36737 96426 51515 20914 31714 22461 52613
 54902 350 523 17563 136 50708 242 7764 18183 232 9520 523 79696 1370 3651 408 118440 969 136 47584 355 523 10537 101748 571 1057 1674 2463 14614 136
 20880
 40716
 348 40716
 384 40716
 465 40716
 465 40716 326 465 40716
 523
 326 620
 134 7888
 20880 139 498 58966 128 2979 684 545 50708 351 4945 584 1193 524 38550 1244 144 146 144 147 144 148 144 911 5464
 12689 3522
 146
 146 146
 146 146 146
 146 146 146 146
 146 146 146 146 146
 146 146 146 146 146 146
 146 146 146 146 146 146 146
 146 146 146 146 146 146 146 146
 146 146 146 146 146 146 146 146 146
 162 46661 35314
 3377 3808
 326 17003 92493 348 17753 39216 9057 6831 24737 5074 50165 54902 350 523 17563 136 50708 242 7764 18183 232 9520 523 79696 1370 3651 408 118440 969 136 47584 355 30448 227 375 81464 375 348 146 348 146 146 348 146 146 146 348 146 146 146 146 348 146 146 146 146 146 348 146 146 146 146 146 146 348 146 146 146 146 146 146 146 348 146 146 146 146 146 146 146 146 348 146 141 146 348 146 674 146 348 146 1569 146 69187 25084 17875 18713 27021 28588 17816 16671 97979 36737 96426 16160 351 4945 584 1193 524 38550 1244 144 146 144 147 144 148 144 911 5464 40512 670 2259 33605 2452 25118 1289 3920 63123 3400 50393 67980 128640 6973 14667 14667 24658 12689 3522 19233 6242 485 4003 1425 1007 90963 653 918 1361 139 1007 2281 545 3516 158 1007 172 769 3516 485 4601 1890 586 139 1007 163 545 1418 1359 15488 158 1652 134 43000 387 67749 171
