 2947 2226 2043 4927 2145 4333
 50992 16602 2323

 2226
 2263
 2392
 13
 12
 12 12
 12 12 12
 13 12
 13955 3139
 26666 3139
 13955 4941
 26666 4941
 26666 4941 2024
 13955 2035 3139 2024
 26666 2035 3139 2024
 2442 2340 9650 2123 2253 2037 24034
 2110 2039 2043 2047 2226 2046 2107 5785 53581 35007 7538 16287
 2162 2145 9959 69925 2162 2146 8630 2145 10124 8630 2245 121906 55420 2135 72475 49326 11821
 74807 2228 74807 2138 74807 2247 2179 2259 2239 74807 2243 2179 2259 2230 74807 2250 74807 2139 74807 2259 2179 2259 2229 74807 2259 74807 2119 74807 2138 74807 2233 74807 2229 74807 2255 74807 2233 2179 2259 2229 74807 2237
 113714 2226 2031 11289 2032 18137 2138 120499 74408 2128 24594 2226 2031 32983 82160 94691 2032 81782 2226 2031 8854 48807 2361 2536 2737 2998 8091 2032
 13955
 26666
 2226 26666
 2263 26666
 2392 26666
 2392 26666 12 2392 26666
 2226 2031
 12 2226 2052
 2030 8406
 13955 2035 2329 2030 2455 2024 3490 2402 2343 18137 2229 2226 2054 17826 23164 2135 14688 19119 82550 2145 2256 2040 2042 2040 2043 2040 2044 2040 36965 2193 2145 2258
 84654
 2042
 2042 2042
 2042 2042 2042
 2042 2042 2042 2042
 2042 2042 2042 2042 2042
 2042 2042 2042 2042 2042 2042
 2042 2042 2042 2042 2042 2042 2042
 2042 2042 2042 2042 2042 2042 2042 2042
 2042 2042 2042 2042 2042 2042 2042 2042 2042
 2058 23998 2261 2088 11768 84945 2107
 108224
 12 2226 12 12 2226 12 12 12 2226 13 2226 13 13 2226 13 12 2263 12 2392 12 2280 12 2614 12 113714 2226 2031 11289 2032 18137 2138 120499 74408 2128 24594 2226 2031 32983 82160 94691 2032 81782 9650 2123 2253 7684 2123 2253 2226 2042 2226 2042 2042 2226 2042 2042 2042 2226 2042 2042 2042 2042 2226 2042 2042 2042 2042 2042 2226 2042 2042 2042 2042 2042 2042 2226 2042 2042 2042 2042 2042 2042 2042 2226 2042 2042 2042 2042 2042 2042 2042 2042 2226 2042 2037 2042 2226 2042 2591 2042 2226 2042 3188 2042 24484 2258 2228 74807 2138 74807 2247 2179 2259 2239 74807 2243 2179 2259 2230 74807 2250 74807 2139 74807 2259 2179 2259 2229 74807 2259 74807 2119 74807 2138 74807 2233 39088 2229 2226 2054 17826 23164 2135 14688 19119 82550 2145 2256 2040 2042 2040 2043 2040 2044 2040 36965 2193 2145 2258 2226 43353 49968 8630 2145 9959 69925 2162 2146 8630 2145 10124 8630 2245 121906 55420 2135 72475 49326 11821 2226 101039 8210 3815 3815 25948 5100 5100 29469 84654 28707 8143 2332 2030 2333 2698 2226 2030 63130 2376 2030 2106 2691 2035 2226 2030 2994 2343 3532 2054 2226 2030 2068 2453 3532 2332 2030 2609 2798 2370 2035 2226 2030 2059 2343 2696 2673 9341 2054 2766 2030 20488 2265 2030 2099 2067
