 920 207 19 207 16705 2158
 63422 79 52442

 207
 283
 456
 184
 185
 185 185
 185 185 185
 23409
 12586 902
 16151 902
 12586 2707
 16151 2707
 16151 2707 0
 12586 11 902 0
 16151 11 902 0
 180505 9804 99 234 13 29808
 86 32519 207 22 24777 46426 35260 7387 14619
 55707 46539 4947 32784 86579 80774 10908 22928 62768 123060
 158227 128460 172612 69472 220 39810 224 69472 211 39810 231 39810 115 39810 240 69472 210 39810 240 39810 95 128460 39810 214 39810 210 39810 236 39810 214 69472 210 39810 218
 174535 367 7945 8 19559 114 73191 87410 104 34832 367 42386 81097 83890 8 148574 195935 52672 180867 181064 11997 8
 12586
 16151
 283 12586
 283 16151
 350 12586
 350 12586 185 350 12586
 367
 185 817
 6 6282
 12586 184466 193427 190724 181027 161635 4396 28504 73058 25375 20885 126420 16 31306 23655 57865 126847
 51395
 18
 3173
 21863
 18 21863
 3173 21863
 21863 21863
 18 21863 21863
 3173 21863 21863
 21863 21863 21863
 34 148753 64 131865
 84445
 185 2492 185 2492 185 185 207 36818 94071 23409 11791 38518 16210 67908 174535 367 7945 8 19559 114 73191 87410 104 34832 367 42386 81097 83890 8 148574 9804 99 234 7340 99 234 207 18 207 3173 207 21863 207 18 21863 207 3173 21863 207 21863 21863 207 18 21863 21863 207 3173 21863 21863 207 18 13 18 207 18 463 18 207 18 722 18 155170 209 128460 172612 69472 220 39810 224 69472 211 39810 231 39810 115 39810 240 69472 210 39810 240 39810 95 128460 39810 214 36569 210 4396 28504 73058 25375 20885 126420 16 31306 23655 57865 126847 87763 134034 55940 46539 4947 32784 86579 80774 10908 22928 62768 123060 35229 29599 80630 8847 115301 16451 51395 95685 182848 855 37709 180710 526 181224 2519 306 1242 30 855 44 181237 181542 690 180669 855 35 184678 514 6899 182578 6 19685 244 6 75 43
