 1502 231 43 231 1177 9290
 2750 103 27442

 231
 268
 348
 208
 209
 534
 4090
 125043
 44312 3576
 40540 3576
 44312 5685
 40540 5685
 40540 5685 24
 44312 35 3576 24
 40540 35 3576 24
 749 501 3666 123 258 37 20744
 110 39 43 47 231 46 107 2193 23909 49979 2758 6052
 62602 17228 1085 13676 23950 128516 56400
 33532 233 33532 138 33532 252 89464 244 33532 248 89464 235 33532 255 33532 139 33532 264 89464 234 33532 264 33532 119 33532 138 33532 238 33532 234 33532 260 33532 238 89464 234 33532 242
 2781 259 233 376 24841 32 8819 138 68448 63329 128 15736 376 57353 1603 7704 294 31756 4787 1071 32 94674 376 8418 130228 619 1192 1658 3623 13129 32
 44312
 40540
 231 40540
 268 40540
 348 40540
 348 40540 472 40540
 376
 209 449
 30 18323
 44312 35 426 30 451 24 4686 788 791 8819 234 2748 23613 72376 13227 42284 105535 40 42 40 43 40 44 40 49056 43400 263
 17846 2420
 42
 42 42
 42 42 42
 42 42 42 42
 42 42 42 42 42
 42 42 42 42 42 42
 42 42 42 42 42 42 42
 42 42 42 42 42 42 42 42
 42 42 42 42 42 42 42 42 42
 58 13492 266 88 1019 68805 107
 3687 6139
 746 2392 55899 208 29480 19883 103830 442 954 209 2781 259 233 376 24841 32 8819 138 68448 63329 128 15736 376 57353 1603 7704 294 31756 4787 1071 32 94674 3666 123 258 2781 123 258 231 42 231 42 42 231 42 42 42 231 42 42 42 42 231 42 42 42 42 42 231 42 42 42 42 42 42 231 42 42 42 42 42 42 42 231 42 42 42 42 42 42 42 42 231 42 37 42 231 42 478 42 231 42 919 42 231 33532 233 33532 138 33532 252 89464 244 33532 248 89464 235 33532 255 33532 139 33532 264 89464 234 33532 264 33532 119 33532 138 33532 238 27310 234 2748 23613 72376 13227 42284 105535 40 42 40 43 40 44 40 49056 43400 263 417 34550 130761 28469 17228 1085 13676 23950 128516 56400 30124 37322 108492 3437 3395 3395 30917 17846 2420 13728 3963 9873 1912 37493 733 17600 1923 35 630 1417 791 6189 54 23586 835 6189 18068 2463 590 35 35018 791 1647 2032 22940 54 2221 30 6815 279 79905 67
