 1009 699 35137 3294
 7153 15738

 225
 6733
 53448
 202
 203
 203 203
 203 203 203
 202 203
 17964 1568
 29546 1568
 17964 3519
 29546 3519
 29546 3519 5
 17964 16 1568 5
 29546 16 1568 5
 555 337 5060 104 252 18 71 428
 91 3079 28 964 30274 48013 267 87 6649 14811
 9024 6983 146 236 6294 52261 4933 244 146 237 13905 32390 46632 51078
 162 257 227 162 257 119 162 257 246 162 258 238 162 257 242 162 258 229 162 257 249 162 257 120 162 257 258 162 258 228 162 257 258 162 257 100 162 257 119 162 257 232 162 257 228 162 257 254 162 257 232 162 258 228 162 257 236
 3753 253 227 406 17453 13 10278 119 54678 3753 239 109 16598 406 52806 1504 5752 78 276 2365 851 697 13 38607 406 20529 5752 12069 413 671 983 1469 30658 13
 17964
 29546
 225 29546
 6733 29546
 53448 29546
 53448 29546 203 53448 29546
 406
 203 3887
 11 15453
 17964 16 361 11 476 5 1953 459 426 10278 228 4985 167 235 244 167 230 116 57520 106 33974 166 120 103 46520 255 2281 2237 42047 47551 107 176 126 257
 11344 1844
 23
 3837
 45768
 3837 3837
 3837 45768
 3837 3837 3837
 3837 3837 45768
 3837 3837 3837 3837
 3837 3837 3837 45768
 39 24708 260 69 30721 24708 234 88
 1493 2017
 203 225 203 203 225 203 203 203 225 202 225 202 202 225 202 203 6733 203 53448 203 13607 203 13607 225 203 3753 253 227 406 17453 13 10278 119 54678 3753 239 109 16598 406 52806 1504 5752 78 276 2365 851 697 13 38607 5060 104 252 3753 104 252 589 8235 54381 589 45768 54381 3837 54381 45768 54381 3837 3837 54381 3837 45768 589 18 23 589 466 23 589 714 23 34376 257 227 162 257 119 162 257 246 162 258 238 162 257 242 162 258 229 162 257 249 162 257 120 162 257 258 162 258 228 162 257 258 162 257 100 162 257 119 162 257 232 32164 228 4985 167 235 244 167 230 116 57520 106 33974 166 120 103 46520 255 2281 2237 42047 47551 107 176 126 257 485 6624 17 30007 14589 33 36028 6983 146 236 6294 52261 4933 244 146 237 13905 32390 46632 51078 1268 12228 12228 11 51396 51396 51396 68 30699 30699 21828 11344 1844 20800 4300 324 1990 927 1268 88 939 540 507 899 16 1268 3136 426 2158 35 1268 49 586 2158 324 2202 1066 436 16 1268 40 426 917 822 11788 35 628 11 30868 264 11 80 48
