 1426 207 19 207 59223 5539
 109650 26452 300

 207
 243
 270
 184
 185
 357
 3128
 3859
 24187 2385
 54541 2385
 24187 4457
 54541 4457
 54541 4457 0
 24187 11 2385 0
 54541 11 2385 0
 591 350 28387 99 234 13 21131
 86 15 19 23 207 22 83 4463 27753 24121 3520 16668
 72709 20206 2210 23852 99734 35048 4657 20946 26388 94291
 37728 209 37728 114 37728 228 82498 220 37728 224 82498 211 37728 231 37728 115 37728 240 82498 210 37728 240 37728 95 37728 114 37728 214 37728 210 37728 236 37728 214 82498 210 37728 218
 12769 235 209 341 10597 8 108489 114 55572 117478 104 37590 341 48281 1918 22093 261 111127 8 61489 214 341 6835 88840 398 798 1202 2421 8463 8
 24187
 54541
 207 54541
 243 54541
 270 54541
 270 54541 185 270 54541
 341
 185 338
 6 15222
 24187 11 422 6 592 0 2954 539 635 108489 210 2746 21536 383 38006 1022 16 18 16 19 16 20 16 810 16325
 21878 5504
 18
 18 18
 18 18 18
 18 18 18 18
 18 18 18 18 18
 18 18 18 18 18 18
 18 18 18 18 18 18 18
 18 18 18 18 18 18 18 18
 18 18 18 18 18 18 18 18 18
 34 10305 242 64 22595 52161 83
 2539 3939
 185 3818 16648 5762 207 26062 3859 2375 9954 3576 19367 12769 235 209 341 10597 8 108489 114 55572 117478 104 37590 341 48281 1918 22093 261 111127 8 61489 214 28387 99 234 12769 99 234 207 18 207 18 18 207 18 18 18 207 18 18 18 18 207 18 18 18 18 18 207 18 18 18 18 18 18 207 18 18 18 18 18 18 18 207 18 18 18 18 18 18 18 18 207 18 13 18 207 18 618 18 207 18 2289 18 207 37728 209 37728 114 37728 228 82498 220 37728 224 82498 211 37728 231 37728 115 37728 240 82498 210 37728 240 37728 95 37728 114 37728 214 63287 210 2746 21536 383 38006 1022 16 18 16 19 16 20 16 810 16325 58009 36228 35268 20206 2210 23852 99734 35048 4657 20946 26388 94291 24707 46910 46801 3483 19273 25316 21878 5504 27722 10041 356 6896 1181 520 83 1089 540 756 1287 11 520 1196 635 4600 30 520 44 630 4600 356 8198 1961 465 11 520 35 635 1717 1345 25968 30 1608 6 68768 247 94701 43
