 3 5973 314 209 2 357 767
 3 30560









 8774 296
 8774 296
 8774 1150
 8774 1150
 8774 1150 55
 8774 6 296 55
 8774 6 296 55
 48 19 3 2 5 75 1572
 3 210 632 3707 489 17 76 25548 3 26 7 26 89 107 76
 3 14142 2 2044 3 8194 3 2 6588 2 2533 8452 30610
 3 2
 3 2 41 12110 61 3 2 3 2 41 23829 4788 3 15 51 21892 7 975 2138 35 920 61 3 2 41 9926 3 15 51 21892 24 65 165 293 14145 61
 8774
 8774
 8774
 8774
 8774
 8774 8774
 41
 3274
 3 31 3 1498
 8774 6 3 63 31 1748 55 571 33 25 3 2 3 58 2 3096 109 2 2368 2534 26578 2
 3 17065 55
 220
 5400
 3 23360
 220 23360
 5400 23360
 3 23360 23360
 220 23360 23360
 5400 23360 23360
 3 23360 23360 23360
 205 2 9 1813 2 17
 27324 7
 3 2 41 12110 61 3 2 3 2 41 23829 4788 3 15 51 21892 7 975 2138 35 920 61 3 2 3 2 220 5400 3 23360 220 23360 5400 23360 3 23360 23360 220 23360 23360 5400 23360 23360 3 19660 1877 5 519 220 233 519 3 2 3 58 2 3096 109 2 2368 2534 26578 2 3 14817 14817 2423 2423 2423 2423 2423 2423 2423 3 14142 2 2044 3 8194 3 2 6588 2 2533 8452 30610 3 31 31 31 31 31 31 2 121 121 121 121 14125 17065 55 8665 8665 27 31 162 118 3 31 17 1490 3 88 31 7 132 6 3 31 4386 25 417 58 3 31 329 59 417 27 31 195 143 34 6 3 31 308 25 114 128 2198 58 101 31 553 15 3 9 31 40 434
