 1368 220 19 220 24452 3710
 56222 34745 316

 220
 256
 305
 197
 198
 198 198
 198 198 198
 197 198
 14455 1931
 34994 1931
 14455 4832
 34994 4832
 34994 4832 0
 14455 11 1931 0
 34994 11 1931 0
 501 341 8811 99 247 13 37710
 86 15 19 23 220 22 83 5322 43067 27647 5599 18572
 107171 31758 3186 23679 109404 31994 8108 23947 31216 26804 3875
 34387 222 34387 114 34387 241 80203 233 34387 237 80203 224 34387 244 34387 115 34387 253 80203 223 34387 253 34387 95 34387 114 34387 227 34387 223 34387 249 34387 227 80203 223 34387 231
 114055 222 363 12415 8 21803 114 56848 75978 104 25661 363 64398 1098 115815 53600 659 8 44358 227 363 7619 86273 378 723 1097 1645 9775 8
 14455
 34994
 220 34994
 256 34994
 305 34994
 305 34994 198 305 34994
 363
 198 373
 6 16206
 14455 11 340 88386 0 2071 449 362 21803 223 3543 17175 401 32164 1557 16 18 16 19 16 20 16 820 7506
 15421 4021
 18
 18 18
 18 18 18
 18 18 18 18
 18 18 18 18 18
 18 18 18 18 18 18
 18 18 18 18 18 18 18
 18 18 18 18 18 18 18 18
 18 18 18 18 18 18 18 18 18
 34 17136 255 64 34335 82161 83
 2133 3082
 198 220 198 198 220 198 198 198 220 197 220 456 220 197 198 256 198 305 198 263 198 798 198 114055 222 363 12415 8 21803 114 56848 75978 104 25661 363 64398 1098 115815 53600 659 8 44358 227 8811 99 247 5901 99 247 220 18 220 18 18 220 18 18 18 220 18 18 18 18 220 18 18 18 18 18 220 18 18 18 18 18 18 220 18 18 18 18 18 18 18 220 18 18 18 18 18 18 18 18 220 18 13 18 220 18 491 18 220 18 1152 18 220 34387 222 34387 114 34387 241 80203 233 34387 237 80203 224 34387 244 34387 115 34387 253 80203 223 34387 253 34387 95 34387 114 34387 227 44542 223 3543 17175 401 32164 1557 16 18 16 19 16 20 16 820 7506 93668 1315 25898 41979 31758 3186 23679 109404 31994 8108 23947 31216 26804 3875 36809 54629 44470 2891 7980 7980 13252 15421 4021 34600 10303 331 3868 1007 689 119947 464 698 947 11 689 1364 362 2607 30 689 44 526 2607 331 4164 1253 403 11 689 35 362 1029 971 13197 30 1104 6 54377 259 82191 43
