 1122 220 19 220 25981 3951
 86255 15885 301

 220
 256
 262
 197
 198
 271
 1406
 1572
 9703 1879
 21873 1879
 9703 4337
 21873 4337
 21873 4337 0
 9703 11 1879 0
 21873 11 1879 0
 419 374 11157 99 247 13 10816
 86 100590 23 220 22 83 1963 41572 11467 2940 16722
 78132 131040 13065 146335 78377
 20833 222 96709 241 44002 233 20833 237 44002 224 20833 244 20833 115 20833 253 44002 223 20833 253 20833 95 96709 227 20833 223 20833 249 20833 227 44002 223 20833 231
 9281 248 222 320 8251 8 26440 114 124564 9281 234 104 30423 320 35495 98226 96714 8 25442 227 320 3243 42123 429 702 1181 1828 3950 8
 9703
 21873
 220 21873
 256 21873
 262 21873
 262 21873 198 262 21873
 320
 198 284
 6 11380
 9703 11 379 64374 0 2585 525 498 26440 223 937 101446 98319 22320 98538 118901 19 99082 16 98411 21168
 17066 2928
 18
 100702
 121577
 121577 18
 121577 100702
 121577 121577
 121577 121577 18
 121577 121577 100702
 121577 121577 121577
 34 89319 129549
 2560 2347
 198 4710 14721 65020 7847 1572 2303 78043 10942 9281 248 222 320 8251 8 26440 114 124564 9281 234 104 30423 320 35495 98226 96714 8 25442 227 11157 99 247 9281 99 247 220 18 220 100702 220 121577 220 121577 18 220 121577 100702 220 121577 121577 220 121577 121577 18 220 121577 121577 100702 220 18 13 18 220 18 496 18 220 18 1112 18 220 20833 222 96709 241 44002 233 20833 237 44002 224 20833 244 20833 115 20833 253 44002 223 20833 253 20833 95 96709 227 74764 223 937 101446 98319 22320 98538 118901 19 99082 16 98411 21168 55088 52883 18625 131040 13065 146335 78377 3355 4605 4605 13865 13865 73022 3014 3014 28052 17066 2928 26524 7646 358 3003 1012 364 83 813 566 594 1052 11 364 787 498 2704 30 364 44 537 2704 358 3278 1281 432 11 364 35 498 1075 1045 15231 30 1205 6 42368 264 63409 43
