 5187 879 59261 21535
 7252 7639 355

 225
 261
 264
 202
 203
 420
 3712
 11208
 10564 7550
 28137 7550
 10564 10288
 28137 10288
 28137 10288 5
 10564 16 7550 5
 28137 16 7550 5
 472 453 9919 104 252 18 3029
 91 13392 1577 54321 19498 364 46363 8437
 36655 13633 1769 14501 54827 21893 3849 10107 13878 41078
 13065 227 50218 13065 246 25763 238 13065 242 25763 229 13065 249 13065 120 13065 258 25763 228 13065 258 13065 100 50218 13065 232 13065 228 13065 254 13065 232 25763 228 13065 236
 8000 253 227 301 4411 13 9919 251 119 2965 240 8000 239 109 26726 301 10186 3520 23869 302 45604 13 12284 255 232 301 2895 53752 810 1533 2920 4613 3565 13
 10564
 28137
 225 28137
 261 28137
 264 28137
 264 28137 287 28137
 301
 203 278
 11 225 3742
 10564 16 711 11 474 5 8294 1021 1212 9919 251 228 959 10133 23692 5928 9173 33543 1330 1254 13567 22873 44634 257
 13911 5366
 23
 1103
 9581
 3303
 20428
 13652
 3303 9581
 8274
 8274 23
 39 46047 69 37333 30409 88
 18172 87
 319 655 7239 11489 274 6881 12642 16716 203 8000 253 227 301 4411 13 9919 251 119 2965 240 8000 239 109 26726 301 10186 3520 23869 302 45604 13 12284 255 232 9919 104 252 8000 104 252 795 8104 38292 795 9581 795 3303 795 20428 795 13652 795 3303 9581 795 18 23 795 419 23 795 1713 23 225 13065 227 50218 13065 246 25763 238 13065 242 25763 229 13065 249 13065 120 13065 258 25763 228 13065 258 13065 100 50218 13065 232 8000 251 228 959 10133 23692 5928 9173 33543 1330 1254 13567 22873 44634 257 36031 12434 16706 13633 1769 14501 54827 21893 3849 10107 13878 41078 7095 9107 30834 2678 1246 1246 40651 13911 5366 23681 7887 527 10105 3081 363 88 1505 1063 1476 2866 16 363 495 1212 4509 35 363 49 691 4509 527 9104 2554 605 16 363 40 1212 4156 2681 4594 69 35 2893 11 30247 323 11 80 48
