 1199 223 22 223 23951 4447
 38857 33015 317

 223
 262
 361
 200
 201
 271
 6328
 7028
 19923 2058
 45948 2058
 19923 4495
 45948 4495
 45948 4495 3
 19923 14 2058 3
 45948 14 2058 3
 566 344 7351 102 250 16 85525
 89 30633 223 25 19679 10637 47502 5920 13524
 4136 2418 355 1857 8211 83377 76004 4313
 70285 42424 244 96185 95143 17767 227 7611 247 98407 89301 116907 89301 7611 98 42424 230 7611 226 118074 7611 230 116907 7611 234
 74287 225 343 13644 11 53769 117 46088 21716 107 10759 343 87372 980 9688 278 69854 638 11 82981 343 16132 980 82644 396 769 1009 1956 17840 11
 19923
 45948
 223 45948
 262 45948
 361 45948
 361 45948 201 361 45948
 343
 201 438
 9 9861
 19923 14 383 98513 3 1730 477 440 53769 226 4054 11458 445 42123 1472 9049 19453 19 954 9596
 27656 6909
 21
 1671
 11722
 11722 21
 11722 1671
 11722 11722
 11722 11722 21
 11722 11722 1671
 11722 11722 11722
 37 70712 67 19239 96272
 2406 2742
 201 1004 61915 223 35749 78656 7028 2143 14320 5191 51235 74287 225 343 13644 11 53769 117 46088 21716 107 10759 343 87372 980 9688 278 69854 638 11 82981 7351 102 250 3574 102 250 223 21 223 1671 223 11722 223 11722 21 223 11722 1671 223 11722 11722 223 11722 11722 21 223 11722 11722 1671 223 21 16 21 223 21 426 21 223 21 1613 21 53312 225 42424 244 96185 95143 17767 227 7611 247 98407 89301 116907 89301 7611 98 42424 230 28927 226 4054 11458 445 42123 1472 9049 19453 19 954 9596 124725 43003 31 3000 2418 355 1857 8211 83377 76004 4313 56955 47523 5230 5230 9854 12667 12667 6717 27656 6909 24099 8811 342 5270 1047 905 86 1129 468 734 1031 14 905 3827 440 3645 33 905 47 554 3645 342 5922 1635 436 14 905 38 440 1277 1093 15131 33 1350 9 33455 260 61264 46
