 8469 8168 125 100 10195
 9392 9568 8178









 8701 8572
 8701 8572
 8701 8572
 8701 8572
 8701 8572 106
 8701 117 8572 106
 8701 117 8572 106
 8554 8310 100 119 8337 8187
 165 9099 8156 128 10455 8169 8334 8197 11274 8168 8189 9670
 100 245 11318 100
 100
 100 113 8275 13156 8178 114 100 113 13149 10383 13152 8167 9343 8118 11485 10869 12000 9255 114 100 113 10110 13152 8167 9343 9231 11325 12894 157 10799 8228 11285 114
 8701
 8701
 8701
 8701
 8701
 8701 8701
 113
 134
 112 10451 8139
 8701 117 167 112 8513 106 9510 8995 8357 100 136 2769 2682 1762 8350 2339 868 9403 9281 9216 1921 8080
 106 106 106 106 106 106
 124
 8226
 10745
 10745 8152
 10745 8921
 10745 8921 8152
 10745 8921 8921
 10745 8921 8921 8152
 10745 8921 8921 8921
 145 9478 10138 8418
 9796 10203 9345 8118
 100 113 8275 13156 8178 114 100 113 13149 10383 13152 8167 9343 8118 11485 10869 12000 9255 114 100 100 124 8226 10745 10745 8152 10745 8921 10745 8921 8152 10745 8921 8921 10745 8921 8921 8152 124 119 124 124 119 119 124 124 119 119 119 124 100 136 2769 2682 1762 8350 2339 868 9403 9281 9216 1921 8080 118 118 118 118 118 118 134 134 134 134 134 134 134 100 245 11318 100 112 112 112 112 112 112 100 100 100 100 100 100 100 107 107 107 107 119 119 119 119 119 119 106 106 106 106 106 106 136 136 136 136 136 136 151 112 12810 8815 8329 112 8228 8635 9245 112 161 11136 117 112 8847 8357 11541 8358 136 112 155 9059 11541 8358 151 112 10856 9994 8233 117 112 146 8357 8993 13048 9686 136 8997 112 12810 143 112 10856
