 1514 235248 235310 33121 4063
 230488 16921

 235248
 139
 140
 226
 108
 109
 110
 226 108
 4521 2134
 25957 2134
 4521 3855
 25957 3855
 25957 3855 235341
 4521 235269 2134 235341
 25957 235269 2134 235341
 736 603 235248 250645 235265 13960
 235271 235276 235310 235321 235248 235324 765 34071 21571 3442 4498
 1365 15021 1416 5238 127883 3645
 240620 239773 239928 242340 241202 243580 242243 241842 240755 242843 240755 243070 239773 242820 243106 241477 242820 242843 244362
 239304 591 9503 235275 235248 242969 235879 247058 235969 591 38571 115959 94999 840 235275 92641 591 7333 52810 674 919 1277 1997 8447 235275
 4521
 25957
 139 4521
 140 4521
 141 4521
 141 4521 108 141 4521
 591
 108 589
 235303 6063
 4521 235269 597 235303 668 235341 2250 708 692 70636 1654 48550 235473 22447 12524 235274 235304 235274 235310 235274 235308 235274 235654 236041
 57030
 235304
 235304 235304
 235304 235304 235304
 235304 235304 235304 235304
 235304 235304 235304 235304 235304
 235304 235304 235304 235304 235304 235304
 235304 235304 235304 235304 235304 235304 235304
 235304 235304 235304 235304 235304 235304 235304 235304
 235304 235304 235304 235304 235304 235304 235304 235304 235304
 235288 23625 40221
 9027 2050
 108 235248 109 235248 110 235248 226 235248 255969 235248 226 108 139 108 140 108 141 108 142 108 239304 591 9503 235275 235248 242969 235879 247058 235969 591 38571 115959 94999 840 235275 92641 235248 250645 250645 235248 235304 235248 235304 235304 235248 235304 235304 235304 235248 235304 235304 235304 235304 235248 235304 235304 235304 235304 235304 235248 235304 235304 235304 235304 235304 235304 235248 235304 235304 235304 235304 235304 235304 235304 235248 235304 235304 235304 235304 235304 235304 235304 235304 235248 235304 235265 235304 235248 235304 723 235304 235248 235304 955 235304 235248 240620 239773 239928 242340 241202 243580 242243 241842 240755 242843 240755 243070 239773 242820 238429 1654 48550 235473 22447 12524 235274 235304 235274 235310 235274 235308 235274 235654 236041 97939 44385 207281 1416 5238 127883 3645 70313 4404 91901 1917 113462 9650 57030 102201 590 235303 524 1125 777 68032 693 235303 235256 1104 235269 777 993 692 2821 235336 777 235296 780 2821 590 235303 529 1501 665 235269 777 235299 692 1154 1009 1763 235336 1448 235303 9411 476 235303 235257 235301
