 1153 827 37362 2781
 77504 80 69254

 208
 270
 415
 185
 186
 356
 1754
 95139
 15274 1115
 20439 1115
 15274 3640
 20439 3640
 20439 3640 1
 15274 12 1115 1
 20439 12 1115 1
 409 304 11277 100 235 14 12568
 87 84118 1224 33083 67810 45318 9320 18217
 7334 4871 49104 4893 45768 111241 94466 12452 27368 52543 69497
 31654 210 126394 31654 229 66566 221 31654 225 66566 212 31654 232 31654 116 31654 241 156 6284 31654 241 31654 96 126394 31654 215 31654 211 31654 237 31654 215 156 6284 31654 219
 6010 236 210 373 11170 9 24279 115 80649 60229 105 24527 373 59072 119836 62913 593 9 52781 215 373 10286 72889 311 545 863 1009 15684 9
 15274
 20439
 208 20439
 270 20439
 415 20439
 415 20439 727 20439
 373
 186 753
 7 8881
 15274 12 299 7 475 1 1260 358 309 24279 211 4762 88380 1974 26381 8079 2159 2339 45600 5991 80589
 62605
 19
 3990
 40443
 72354
 3990 40443
 72354 3990
 72354 40443
 72354 72354
 72354 3990 40443
 35 16967 243 65 25049 74749 84
 1369 1939
 642 960 4169 107160 998 66011 7439 727 3790 2703 186 6010 236 210 373 11170 9 24279 115 80649 60229 105 24527 373 59072 119836 62913 593 9 52781 215 11277 100 235 6010 100 235 648 9972 75232 648 40443 648 72354 75232 40443 648 72354 3990 648 72354 40443 648 14 19 648 445 19 648 726 19 14250 240 210 126394 31654 229 66566 221 31654 225 66566 212 31654 232 31654 116 31654 241 156 6284 31654 241 31654 96 126394 31654 215 24554 211 4762 88380 1974 26381 8079 2159 2339 45600 5991 80589 590 42150 3612 40397 63704 49104 4893 45768 111241 94466 12452 27368 52543 69497 43044 34144 9486 9486 19120 89803 17247 62605 124133 291 1221 681 717 51022 333 376 569 12 717 2821 309 1479 31 717 45 383 1479 291 1466 792 320 12 717 36 309 540 559 8901 31 985 7 25078 245 7 76 44
