 21596 50 159 22763
 168 84 36653









 28687 21628
 28687 21628
 28687 21628
 28687 21628
 28687 21628 31
 28687 42 21628 31
 28687 42 21628 31
 21225 21152 3 44 71 25062
 91 46 23708 53 23060 29782 79 21700 39127 21793
 45313 513 502 35958 489 514 499 491 488 504 505 46125
 1808 1839 1823 1858 1820 1851 1826 1840 1833 1850 1833 1836 1839 1812 1809 1831 1812 1850 1816
 20965 38 24089 39 20952 2067 3 20133 38 23604 38365 78 21152 21201 23148 21143 21338 39 2720 38 21489 56866 21188 21301 21376 21579 36267 39
 28687
 28687
 28687
 28687
 28687
 28687 28687
 38
 59
 37 25767
 28687 42 93 37 21216 31 21431 21182 21166 20903 61 31584 5129 24208 21786 22012 21971 45878 5508 20249
 29498 22236
 49
 23499
 42833
 23499 23499
 23499 42833
 23499 23499 23499
 23499 23499 42833
 23499 23499 23499 23499
 23499 23499 23499 42833
 71 1996 69 22148 1977 88
 21378 24239
 20965 38 24089 39 20952 2067 3 20133 38 23604 38365 78 21152 21201 23148 21143 21338 39 2720 3 3 49 23499 42833 23499 23499 23499 42833 23499 23499 23499 23499 23499 42833 23499 23499 23499 23499 49 44 49 49 21504 49 49 22248 49 1808 1839 1823 1858 1820 1851 1826 1840 1833 1850 1833 1836 1839 1812 20903 61 31584 5129 24208 21786 22012 21971 45878 5508 20249 24810 22009 42354 31742 59 45313 513 502 35958 489 514 499 491 488 504 505 46125 31803 31803 31803 68 68 68 68 68 68 68 34475 34475 35025 29498 22236 29304 23891 77 37 21165 21444 37 23451 21215 37 87 21356 42 37 21140 21166 21585 61 37 81 21267 21585 77 37 21264 21470 21153 42 37 72 21166 21394 21328 25279 61 21178 37 21165 69 37 21264
