 4067 223 22 223 46658 9136
 42054 16799 362

 223
 127762
 127763
 200
 201
 127825
 127826
 2718
 16656 3621
 52467 3621
 16656 7382
 52467 7382
 52467 7382 3
 16656 14 3621 3
 52467 14 3621 3
 685 465 26293 102 250 16 78582
 89 18 22 26 223 25 86 3033 27333 13729 4336 24267
 427 499 259 438 1019 1623 271 11396 9114
 52327 225 52327 117 52327 244 160 256 236 52327 240 160 256 227 52327 247 52327 118 52327 256 160 256 226 52327 256 52327 98 52327 117 52327 230 52327 226 52327 252 52327 230 160 256 226 52327 234
 12618 251 225 347 10768 11 77617 117 96644 12618 237 107 42697 347 51987 1609 10122 309 69320 845 11 107260 230 347 8270 71321 581 1241 1948 3411 5403 11
 16656
 52467
 223 52467
 127762 52467
 127763 52467
 127763 52467 201 127763 52467
 347
 201 298
 9 9943
 16656 14 472 9 514 3 4109 770 811 77617 226 2104 12432 26645 6190 51608 62332 19 21 19 22 19 23 19 15984 17657 255
 16900 3929
 21
 21 21
 21 21 21
 21 21 21 21
 21 21 21 21 21
 21 21 21 21 21 21
 21 21 21 21 21 21 21
 21 21 21 21 21 21 21 21
 21 21 21 21 21 21 21 21 21
 37 10480 258 67 50612 58488 86
 3571 4411
 201 535 201 535 127825 54442 5827 2718 694 750 766 1074 12618 251 225 347 10768 11 77617 117 96644 12618 237 107 42697 347 51987 1609 10122 309 69320 845 11 107260 230 26293 102 250 12618 102 250 223 21 223 21 21 223 21 21 21 223 21 21 21 21 223 21 21 21 21 21 223 21 21 21 21 21 21 223 21 21 21 21 21 21 21 223 21 21 21 21 21 21 21 21 223 21 16 21 223 21 675 21 223 21 1680 21 25373 255 225 52327 117 52327 244 160 256 236 52327 240 160 256 227 52327 247 52327 118 52327 256 160 256 226 52327 256 52327 98 52327 117 52327 230 108560 226 2104 12432 26645 6190 51608 62332 19 21 19 22 19 23 19 15984 17657 255 89529 617 23781 529 499 259 438 1019 1623 271 11396 9114 3338 11377 114421 54308 6187 6187 24612 16900 3929 43179 14481 18071 1777 405 86 1423 28243 1743 14 405 984 811 5139 33 405 47 745 5139 24087 2126 587 14 405 38 811 2050 1839 31976 33 2111 9 18077 296 20608 46
