 850 709 33400 3212
 132 231 84 18784

 225
 7630
 55433
 202
 203
 203 203
 203 203 203
 202 203
 17184 1566
 28915 1566
 17184 3639
 28915 3639
 28915 3639 5
 17184 16 1566 5
 28915 16 1566 5
 538 373 5829 104 252 18 71 1288
 91 4177 28 983 23269 4024 79 266 87 6431 10120
 9617 7742 146 236 6866 41633 7340 5600 244 146 237 14787 45142 44845 37316 8267
 162 257 227 162 257 119 162 257 246 162 258 238 162 257 242 162 258 229 162 257 249 162 257 120 162 257 258 162 258 228 162 257 258 162 257 100 162 257 119 162 257 232 162 257 228 162 257 254 162 257 232 162 258 228 162 257 236
 3555 253 227 411 20493 13 13714 119 44112 53112 109 15190 411 36936 3937 47914 284 322 12366 263 673 13 54349 411 20997 47914 77 406 565 968 1337 26549 13
 17184
 28915
 225 28915
 7630 28915
 55433 28915
 55433 28915 203 55433 28915
 411
 203 4471
 11 1706
 17184 16 299 11 500 5 1981 449 368 13714 228 6997 60099 244 167 230 116 53535 106 32992 166 120 103 42712 255 2514 2445 50542 38690 107 176 126 257
 52975
 23
 4147
 44717
 4147 4147
 4147 44717
 4147 4147 4147
 4147 4147 44717
 4147 4147 4147 4147
 4147 4147 4147 44717
 39 24063 260 69 4818 24063 234 88
 2080 2152
 203 225 203 203 225 203 203 203 225 202 225 202 202 225 202 203 7630 203 55433 203 15175 203 15175 225 203 3555 253 227 411 20493 13 13714 119 44112 53112 109 15190 411 36936 3937 47914 284 322 12366 263 673 13 54349 5829 104 252 3555 104 252 592 8325 58069 592 44717 58069 4147 58069 44717 58069 4147 4147 58069 4147 44717 592 18 23 592 446 23 592 652 23 34150 257 227 162 257 119 162 257 246 162 258 238 162 257 242 162 258 229 162 257 249 162 257 120 162 257 258 162 258 228 162 257 258 162 257 100 162 257 119 162 257 232 25524 228 6997 60099 244 167 230 116 53535 106 32992 166 120 103 42712 255 2514 2445 50542 38690 107 176 126 257 556 6915 17 30705 15386 33 41633 7742 146 236 6866 41633 7340 5600 244 146 237 14787 45142 44845 37316 8267 1049 11483 11483 11 47179 47179 47179 68 30218 30218 21797 52975 18077 4232 346 1999 904 1049 88 1100 551 485 862 16 1049 2004 368 2124 35 1049 49 529 2124 346 2178 1064 429 16 1049 40 368 880 848 11196 35 1045 11 32698 261 11 80 48
