 2628 934 241204 24547
 53576 83 84139

 210
 250
 416
 188
 189
 603
 16783
 188 189
 59414 8876
 86153 8876
 59414 12155
 86153 12155
 86153 12155 4
 59414 15 8876 4
 86153 15 8876 4
 1119 632 41234 103 237 17 31317
 90 196078 1392 87 1397 139532 78806 10714 12959
 42449 28270 2228 25829 48405 37637 4486 12099 37545 59009
 114927 222719 158304 168634 203476 11208 234 203440 176537 212727 176537 229562 74907 217 11208 213 189787 11208 217 212727 11208 221
 22618 238 212 375 43364 12 126342 118 1553 22618 224 108 116057 375 207152 766 27548 290 102161 1790 12 76758 217 375 30670 80024 6509 861 1809 3776 9016 31346 12
 59414
 86153
 210 86153
 250 86153
 416 86153
 416 86153 747 86153
 375
 189 564
 10 3453
 59414 15 48703 809 4 7535 1306 1152 126342 213 2040 17765 648 78151 3154 2482 2394 22259 2129 30494
 75164 12480
 22
 3960
 63180
 42456
 42456 22
 42456 3960
 42456 63180
 142671
 142671 22
 38 6356 7049
 4431 9512
 1782 6308 141746 188 86863 33651 5950 747 1699 2986 189 22618 238 212 375 43364 12 126342 118 1553 22618 224 108 116057 375 207152 766 27548 290 102161 1790 12 76758 217 41234 103 237 22618 103 237 735 10491 100965 735 63180 735 42456 735 42456 22 735 42456 3960 735 42456 63180 735 17 22 735 566 22 735 1369 22 98143 212 222719 158304 168634 203476 11208 234 203440 176537 212727 176537 229562 74907 217 127322 213 2040 17765 648 78151 3154 2482 2394 22259 2129 30494 217266 3654 53048 40198 28270 2228 25829 48405 37637 4486 12099 37545 59009 33334 6637 56046 56046 56046 67 219879 28757 75164 12480 67870 17499 15527 3784 40753 3320 36773 2782 15 756 4144 1152 11097 34 33638 1130 11097 26402 5219 718 15 54702 1152 3269 3331 77987 34 5361 10 56850 267 29347 47
