 440 287 397 302 159 212 215 20 3667
 1787 215 82 19355

 209
 247
 345
 792
 413
 413 188
 413 188 188
 5995
 21334 1568
 21334 1568
 21334 4013
 21334 4013
 21334 4013 3
 21334 14 1568 3
 21334 14 1568 3
 543 365 6473 102 236 16 14665
 280 18 22 26 439 86 738 33196 21173 5109 14649
 19435 3431 35591 3671 28392 3073 228 142 221 8245 22432 3616 5619 5713 34009
 26712 241 211 158 241 117 158 241 230 158 242 222 158 241 226 158 242 213 158 241 233 158 241 118 158 241 242 158 242 212 158 241 242 158 241 98 158 241 117 158 241 216 158 241 212 158 241 238 158 241 216 158 242 212 158 241 220
 6473 237 211 379 13933 11 18694 117 291 224 5125 223 107 20240 379 23685 2481 6064 76 264 1062 33565 704 11 44011 379 11905 6064 9196 414 688 983 1440 11904 11
 21334
 21334
 209 21334
 247 21334
 345 21334
 345 21334 188 345 21334
 379
 413 459
 539 1570
 21334 14 338 9 483 3 1439 456 350 18694 212 2661 21190 26401 114 12230 26917 30147 19043 19 21 19 22 19 23 19 7039 105 96
 38498 9432
 372
 372 21
 372 21 21
 372 21 21 21
 372 21 21 21 21
 372 21 21 21 21 21
 372 21 21 21 21 21 21
 372 21 21 21 21 21 21 21
 372 21 21 21 21 21 21 21 21
 310 18140 244 67 3827 18140 218 86
 1386 2370
 413 413 188 413 188 188 792 736 5995 6023 15515 4620 1047 188 5125 237 211 379 13933 11 18694 117 291 224 5125 223 107 20240 379 23685 2481 6064 76 264 1062 33565 704 11 44011 6473 102 236 5125 102 236 372 372 21 372 21 21 372 21 21 21 372 21 21 21 21 372 21 21 21 21 21 372 21 21 21 21 21 21 372 21 21 21 21 21 21 21 372 16 21 372 484 21 372 782 21 26712 241 211 158 241 117 158 241 230 158 242 222 158 241 226 158 242 213 158 241 233 158 241 118 158 241 242 158 242 212 158 241 242 158 241 98 158 241 117 158 241 216 47865 212 2661 21190 26401 114 12230 26917 30147 19043 19 21 19 22 19 23 19 7039 105 96 411 37985 1854 31941 19435 3431 35591 3671 28392 3073 228 142 221 8245 22432 3616 5619 5713 34009 9837 16398 16398 5147 5147 5147 66 4636 4636 24753 13385 2793 27530 7998 318 3779 1027 539 86 1105 517 713 985 14 539 1778 350 2241 33 539 47 542 2241 318 3905 1061 427 14 539 38 350 975 933 11164 33 854 9 34672 245 9 78 46
